<?xml version="1.0" encoding="UTF-8"?>
<testng-results ignored="0" total="1" passed="1" failed="0" skipped="0">
  <reporter-output>
  </reporter-output>
  <suite started-at="2025-08-11T12:58:21 IST" name="Default suite" finished-at="2025-08-11T12:58:34 IST" duration-ms="12582">
    <groups>
    </groups>
    <test started-at="2025-08-11T12:58:21 IST" name="Default test" finished-at="2025-08-11T12:58:34 IST" duration-ms="12582">
      <class name="testcases.Flipkarttest">
        <test-method signature="runOnSauceLabs()[pri:0, instance:testcases.Flipkarttest@38425407]" started-at="2025-08-11T12:58:21 IST" name="runOnSauceLabs" finished-at="2025-08-11T12:58:34 IST" duration-ms="12536" status="PASS">
          <reporter-output>
          </reporter-output>
        </test-method> <!-- runOnSauceLabs -->
      </class> <!-- testcases.Flipkarttest -->
    </test> <!-- Default test -->
  </suite> <!-- Default suite -->
</testng-results>
